#
# There is insufficient memory for the Java Runtime Environment to continue.
# Native memory allocation (mmap) failed to map 268435456 bytes for G1 virtual space
# Possible reasons:
#   The system is out of physical RAM or swap space
#   The process is running with CompressedOops enabled, and the Java Heap may be blocking the growth of the native heap
# Possible solutions:
#   Reduce memory load on the system
#   Increase physical memory or swap space
#   Check if swap backing store is full
#   Decrease Java heap size (-Xmx/-Xms)
#   Decrease number of Java threads
#   Decrease Java thread stack sizes (-Xss)
#   Set larger code cache with -XX:ReservedCodeCacheSize=
#   JVM is running with Zero Based Compressed Oops mode in which the Java heap is
#     placed in the first 32GB address space. The Java Heap base address is the
#     maximum limit for the native heap growth. Please use -XX:HeapBaseMinAddress
#     to set the Java Heap base and to place the Java Heap above 32GB virtual address.
# This output file may be truncated or incomplete.
#
#  Out of Memory Error (os_windows.cpp:3530), pid=11184, tid=8544
#
# JRE version:  (18.0.2.1+1) (build )
# Java VM: OpenJDK 64-Bit Server VM (18.0.2.1+1, mixed mode, sharing, tiered, compressed oops, compressed class ptrs, g1 gc, windows-amd64)
# No core dump will be written. Minidumps are not enabled by default on client versions of Windows
#

---------------  S U M M A R Y ------------

Command Line: -Dfile.encoding=UTF-8 -XX:+ShowCodeDetailsInExceptionMessages app.Test

Host: Intel(R) Core(TM) i7-8750H CPU @ 2.20GHz, 12 cores, 15G,  Windows 11 , 64 bit Build 22000 (10.0.22000.708)
Time: Fri Nov 18 17:12:46 2022 SE Asia Standard Time elapsed time: 0.022843 seconds (0d 0h 0m 0s)

---------------  T H R E A D  ---------------

Current thread (0x000001eda2b160b0):  JavaThread "Unknown thread" [_thread_in_vm, id=8544, stack(0x0000001ec3600000,0x0000001ec3700000)]

Stack: [0x0000001ec3600000,0x0000001ec3700000]
Native frames: (J=compiled Java code, j=interpreted, Vv=VM code, C=native code)
V  [jvm.dll+0x69d85a]
V  [jvm.dll+0x84c43d]
V  [jvm.dll+0x84dd4e]
V  [jvm.dll+0x84e403]
V  [jvm.dll+0x25f65f]
V  [jvm.dll+0x69a6c9]
V  [jvm.dll+0x68f1fa]
V  [jvm.dll+0x32546b]
V  [jvm.dll+0x32ce76]
V  [jvm.dll+0x3818ce]
V  [jvm.dll+0x381aff]
V  [jvm.dll+0x2fd10a]
V  [jvm.dll+0x2fe16d]
V  [jvm.dll+0x81b090]
V  [jvm.dll+0x38ec61]
V  [jvm.dll+0x7f9d63]
V  [jvm.dll+0x4109cf]
V  [jvm.dll+0x412481]
C  [jli.dll+0x5267]
C  [ucrtbase.dll+0x26c0c]
C  [KERNEL32.DLL+0x154e0]
C  [ntdll.dll+0x485b]


---------------  P R O C E S S  ---------------

Threads class SMR info:
_java_thread_list=0x00007ffb5de8ee10, length=0, elements={
}

Java Threads: ( => current thread )

Other Threads:
  0x000001eda2b87670 WorkerThread "GC Thread#0" [stack: 0x0000001ec3700000,0x0000001ec3800000] [id=13384]
  0x000001eda2b98cb0 ConcurrentGCThread "G1 Main Marker" [stack: 0x0000001ec3800000,0x0000001ec3900000] [id=22068]
  0x000001eda2b996a0 WorkerThread "G1 Conc#0" [stack: 0x0000001ec3900000,0x0000001ec3a00000] [id=5232]

[error occurred during error reporting (printing all threads), id 0xc0000005, EXCEPTION_ACCESS_VIOLATION (0xc0000005) at pc=0x00007ffb5d64d737]

VM state: not at safepoint (not fully initialized)

VM Mutex/Monitor currently owned by a thread:  ([mutex/lock_event])
[0x000001eda2b142b0] Heap_lock - owner thread: 0x000001eda2b160b0

Heap address: 0x0000000701e00000, size: 4066 MB, Compressed Oops mode: Zero based, Oop shift amount: 3

CDS archive(s) mapped at: [0x0000000000000000-0x0000000000000000-0x0000000000000000), size 0, SharedBaseAddress: 0x0000000800000000, ArchiveRelocationMode: 0.
Narrow klass base: 0x0000000000000000, Narrow klass shift: 0, Narrow klass range: 0x0

GC Precious Log:
 CardTable entry size: 512
 Card Set container configuration: InlinePtr #cards 4 size 8 Array Of Cards #cards 16 size 48 Howl #buckets 8 coarsen threshold 3686 Howl Bitmap #cards 512 size 80 coarsen threshold 460 Card regions per heap region 1 cards per card region 4096

Heap:
 garbage-first heap   total 0K, used 0K [0x0000000701e00000, 0x0000000800000000)
  region size 2048K, 0 young (0K), 0 survivors (0K)

[error occurred during error reporting (printing heap information), id 0xc0000005, EXCEPTION_ACCESS_VIOLATION (0xc0000005) at pc=0x00007ffb5da35c69]

GC Heap History (0 events):
No events

Deoptimization events (0 events):
No events

Classes loaded (0 events):
No events

Classes unloaded (0 events):
No events

Classes redefined (0 events):
No events

Internal exceptions (0 events):
No events

VM Operations (0 events):
No events

Events (1 events):
Event: 0.014 Loaded shared library C:\Users\maitr\.p2\pool\plugins\org.eclipse.justj.openjdk.hotspot.jre.full.win32.x86_64_18.0.2.v20220903-1139\jre\bin\java.dll


Dynamic libraries:
0x00007ff7e3550000 - 0x00007ff7e355e000 	C:\Users\maitr\.p2\pool\plugins\org.eclipse.justj.openjdk.hotspot.jre.full.win32.x86_64_18.0.2.v20220903-1139\jre\bin\javaw.exe
0x00007ffbc0ec0000 - 0x00007ffbc10c9000 	C:\WINDOWS\SYSTEM32\ntdll.dll
0x00007ffbbf520000 - 0x00007ffbbf5dd000 	C:\WINDOWS\System32\KERNEL32.DLL
0x00007ffbbe6f0000 - 0x00007ffbbea6b000 	C:\WINDOWS\System32\KERNELBASE.dll
0x00007ffbbe5d0000 - 0x00007ffbbe6e1000 	C:\WINDOWS\System32\ucrtbase.dll
0x00007ffbba4e0000 - 0x00007ffbba4f9000 	C:\Users\maitr\.p2\pool\plugins\org.eclipse.justj.openjdk.hotspot.jre.full.win32.x86_64_18.0.2.v20220903-1139\jre\bin\VCRUNTIME140.dll
0x00007ffbac8d0000 - 0x00007ffbac8e7000 	C:\Users\maitr\.p2\pool\plugins\org.eclipse.justj.openjdk.hotspot.jre.full.win32.x86_64_18.0.2.v20220903-1139\jre\bin\jli.dll
0x00007ffb9fb00000 - 0x00007ffb9fda5000 	C:\WINDOWS\WinSxS\amd64_microsoft.windows.common-controls_6595b64144ccf1df_6.0.22000.120_none_9d947278b86cc467\COMCTL32.dll
0x00007ffbbfe80000 - 0x00007ffbc002d000 	C:\WINDOWS\System32\USER32.dll
0x00007ffbbf000000 - 0x00007ffbbf0a3000 	C:\WINDOWS\System32\msvcrt.dll
0x00007ffbbed10000 - 0x00007ffbbed36000 	C:\WINDOWS\System32\win32u.dll
0x00007ffbc0e50000 - 0x00007ffbc0e79000 	C:\WINDOWS\System32\GDI32.dll
0x00007ffbbe390000 - 0x00007ffbbe4a8000 	C:\WINDOWS\System32\gdi32full.dll
0x00007ffbbe530000 - 0x00007ffbbe5cd000 	C:\WINDOWS\System32\msvcp_win.dll
0x00007ffbc0030000 - 0x00007ffbc0061000 	C:\WINDOWS\System32\IMM32.DLL
0x00007ffbb2890000 - 0x00007ffbb289c000 	C:\Users\maitr\.p2\pool\plugins\org.eclipse.justj.openjdk.hotspot.jre.full.win32.x86_64_18.0.2.v20220903-1139\jre\bin\vcruntime140_1.dll
0x00007ffb99d60000 - 0x00007ffb99df1000 	C:\Users\maitr\.p2\pool\plugins\org.eclipse.justj.openjdk.hotspot.jre.full.win32.x86_64_18.0.2.v20220903-1139\jre\bin\msvcp140.dll
0x00007ffb5d340000 - 0x00007ffb5dfca000 	C:\Users\maitr\.p2\pool\plugins\org.eclipse.justj.openjdk.hotspot.jre.full.win32.x86_64_18.0.2.v20220903-1139\jre\bin\server\jvm.dll
0x00007ffbc0ca0000 - 0x00007ffbc0d4e000 	C:\WINDOWS\System32\ADVAPI32.dll
0x00007ffbc0750000 - 0x00007ffbc07ee000 	C:\WINDOWS\System32\sechost.dll
0x00007ffbc0260000 - 0x00007ffbc0380000 	C:\WINDOWS\System32\RPCRT4.dll
0x00007ffbc01e0000 - 0x00007ffbc01e8000 	C:\WINDOWS\System32\PSAPI.DLL
0x00007ffba8440000 - 0x00007ffba8449000 	C:\WINDOWS\SYSTEM32\WSOCK32.dll
0x00007ffbb7ca0000 - 0x00007ffbb7cd3000 	C:\WINDOWS\SYSTEM32\WINMM.dll
0x00007ffbb7d40000 - 0x00007ffbb7d4a000 	C:\WINDOWS\SYSTEM32\VERSION.dll
0x00007ffbbf5e0000 - 0x00007ffbbf64f000 	C:\WINDOWS\System32\WS2_32.dll
0x00007ffbbd4c0000 - 0x00007ffbbd4d8000 	C:\WINDOWS\SYSTEM32\kernel.appcore.dll
0x00007ffbb8f00000 - 0x00007ffbb8f0a000 	C:\Users\maitr\.p2\pool\plugins\org.eclipse.justj.openjdk.hotspot.jre.full.win32.x86_64_18.0.2.v20220903-1139\jre\bin\jimage.dll
0x00007ffbbbe10000 - 0x00007ffbbc031000 	C:\WINDOWS\SYSTEM32\DBGHELP.DLL
0x00007ffbab510000 - 0x00007ffbab541000 	C:\WINDOWS\SYSTEM32\dbgcore.DLL
0x00007ffbbe4b0000 - 0x00007ffbbe52f000 	C:\WINDOWS\System32\bcryptPrimitives.dll
0x00007ffbb7d60000 - 0x00007ffbb7d85000 	C:\Users\maitr\.p2\pool\plugins\org.eclipse.justj.openjdk.hotspot.jre.full.win32.x86_64_18.0.2.v20220903-1139\jre\bin\java.dll

dbghelp: loaded successfully - version: 4.0.5 - missing functions: none
symbol engine: initialized successfully - sym options: 0x614 - pdb path: .;C:\Users\maitr\.p2\pool\plugins\org.eclipse.justj.openjdk.hotspot.jre.full.win32.x86_64_18.0.2.v20220903-1139\jre\bin;C:\WINDOWS\SYSTEM32;C:\WINDOWS\WinSxS\amd64_microsoft.windows.common-controls_6595b64144ccf1df_6.0.22000.120_none_9d947278b86cc467;C:\Users\maitr\.p2\pool\plugins\org.eclipse.justj.openjdk.hotspot.jre.full.win32.x86_64_18.0.2.v20220903-1139\jre\bin\server

VM Arguments:
jvm_args: -Dfile.encoding=UTF-8 -XX:+ShowCodeDetailsInExceptionMessages 
java_command: app.Test
java_class_path (initial): D:\THUCHANHPHANTAN\Nhom01_QuanLyLuongNhanVien_PhanTan\Nhom01_QuanLyLuong_PhanTan_Client\target\classes;D:\THUCHANHPHANTAN\Nhom01_QuanLyLuongNhanVien_PhanTan\Nhom01_QuanLyLuong_PhanTan_Client\libs\jcalendar-1.4.jar;D:\THUCHANHPHANTAN\Nhom01_QuanLyLuongNhanVien_PhanTan\Nhom01_QuanLyLuong_PhanTan_Client\libs\jdatepicker-1.3.4.jar;D:\THUCHANHPHANTAN\Nhom01_QuanLyLuongNhanVien_PhanTan\Nhom01_QuanLyLuong_PhanTan_Client\libs\client.jar;C:\Users\maitr\.m2\repository\org\hibernate\hibernate-core\5.6.0.Final\hibernate-core-5.6.0.Final.jar;C:\Users\maitr\.m2\repository\org\jboss\logging\jboss-logging\3.4.2.Final\jboss-logging-3.4.2.Final.jar;C:\Users\maitr\.m2\repository\javax\persistence\javax.persistence-api\2.2\javax.persistence-api-2.2.jar;C:\Users\maitr\.m2\repository\net\bytebuddy\byte-buddy\1.11.20\byte-buddy-1.11.20.jar;C:\Users\maitr\.m2\repository\antlr\antlr\2.7.7\antlr-2.7.7.jar;C:\Users\maitr\.m2\repository\org\jboss\spec\javax\transaction\jboss-transaction-api_1.2_spec\1.1.1.Final\jboss-transaction-api_1.2_spec-1.1.1.Final.jar;C:\Users\maitr\.m2\repository\org\jboss\jandex\2.2.3.Final\jandex-2.2.3.Final.jar;C:\Users\maitr\.m2\repository\com\fasterxml\classmate\1.5.1\classmate-1.5.1.jar;C:\Users\maitr\.m2\repository\javax\activation\javax.activation-api\1.2.0\javax.activation-api-1.2.0.jar;C:\Users\maitr\.m2\repository\org\hibernate\common\hibernate-commons-annotations\5.1.2.Final\hibernate-commons-annotations-5.1.2.Final.jar;C:\Users\maitr\.m2\repository\javax\xml\bind\jaxb-api\2.3.1\jaxb-api-2.3.1.jar;C:\Users\maitr\.m2\repository\org\glassfish\jaxb\jaxb-runtime\2.3.1\jaxb-runtime-2.3.1.jar;C:\Users\maitr\.m2\repository\org\glassfish\jaxb\txw2\2.3.1\txw2-2.3.1.jar;C:\Users\maitr\.m2\repository\com\sun\istack\istack-commons-runtime\3.0.7\istack-commons-runtime-3.0.7.jar;C:\Users\maitr\.m2\repository\org\jvnet\staxex\stax-ex\1.8\stax-ex-1.8.jar;C:\Users\maitr\.m2\repository\com\sun\xml\fastinfoset\FastInfoset\1.2.15\FastInfoset-1.2.15.jar;C:\Users\maitr\.m2\repository\mysql\mysql-connector-java\8.0.17\mysql-connector-java-8.0.17.jar;C:\Users\maitr\.m2\repository\com\google\protobuf\protobuf-java\3.6.1\protobuf-java-3.6.1.jar;C:\Users\maitr\.m2\repository\com\google\code\gson\gson\2.8.5\gson-2.8.5.jar
Launcher Type: SUN_STANDARD

[Global flags]
     intx CICompilerCount                          = 4                                         {product} {ergonomic}
     uint ConcGCThreads                            = 3                                         {product} {ergonomic}
     uint G1ConcRefinementThreads                  = 10                                        {product} {ergonomic}
   size_t G1HeapRegionSize                         = 2097152                                   {product} {ergonomic}
    uintx GCDrainStackTargetSize                   = 64                                        {product} {ergonomic}
   size_t InitialHeapSize                          = 268435456                                 {product} {ergonomic}
   size_t MarkStackSize                            = 4194304                                   {product} {ergonomic}
   size_t MaxHeapSize                              = 4263510016                                {product} {ergonomic}
   size_t MinHeapDeltaBytes                        = 2097152                                   {product} {ergonomic}
   size_t MinHeapSize                              = 8388608                                   {product} {ergonomic}
    uintx NonNMethodCodeHeapSize                   = 5839372                                {pd product} {ergonomic}
    uintx NonProfiledCodeHeapSize                  = 122909434                              {pd product} {ergonomic}
    uintx ProfiledCodeHeapSize                     = 122909434                              {pd product} {ergonomic}
    uintx ReservedCodeCacheSize                    = 251658240                              {pd product} {ergonomic}
     bool SegmentedCodeCache                       = true                                      {product} {ergonomic}
     bool ShowCodeDetailsInExceptionMessages       = true                                   {manageable} {command line}
   size_t SoftMaxHeapSize                          = 4263510016                             {manageable} {ergonomic}
     bool UseCompressedClassPointers               = true                           {product lp64_product} {ergonomic}
     bool UseCompressedOops                        = true                           {product lp64_product} {ergonomic}
     bool UseG1GC                                  = true                                      {product} {ergonomic}
     bool UseLargePagesIndividualAllocation        = false                                  {pd product} {ergonomic}

Logging:
Log output configuration:
 #0: stdout all=warning uptime,level,tags foldmultilines=false
 #1: stderr all=off uptime,level,tags foldmultilines=false

Environment Variables:
JAVA_HOME=C:\Program Files\Java\jdk-18.0.2.1
PATH=C:/Users/maitr/.p2/pool/plugins/org.eclipse.justj.openjdk.hotspot.jre.full.win32.x86_64_18.0.2.v20220903-1139/jre/bin/server;C:/Users/maitr/.p2/pool/plugins/org.eclipse.justj.openjdk.hotspot.jre.full.win32.x86_64_18.0.2.v20220903-1139/jre/bin;C:\Program Files\Basler\pylon 5\Runtime\Win32\;C:\Program Files\Basler\pylon 5\Runtime\x64\;C:\WINDOWS\system32;C:\WINDOWS;C:\WINDOWS\System32\Wbem;C:\WINDOWS\System32\WindowsPowerShell\v1.0\;C:\WINDOWS\System32\OpenSSH\;C:\Program Files\Microsoft SQL Server\150\Tools\Binn\;C:\Program Files\dotnet\;C:\Program Files\Microsoft SQL Server\130\Tools\Binn\;C:\Program Files\Microsoft SQL Server\Client SDK\ODBC\170\Tools\Binn\;C:\Program Files\MVTec\HALCON-13.0\bin\x64-win64;C:\Program Files\Git\cmd;C:\Program Files\Java\jdk-18.0.2.1\bin;C:\Program Files\nodejs\;C:\Program Files\Docker\Docker\resources\bin;C:\ProgramData\DockerDesktop\version-bin;C:\Program Files\MongoDB\Server\6.0\bin;C:\Program Files\apache-maven-3.8.6\bin;C:\Program Files\Java\jdk-18.0.2.1\bin;C:\Program Files\MySQL\MySQL Shell 8.0\bin\;C:\Users\maitr\AppData\Local\Programs\Python\Python310\Scripts\;C:\Users\maitr\AppData\Local\Programs\Python\Python310\;C:\Users\maitr\AppData\Local\Microsoft\WindowsApps;C:\Users\maitr\.dotnet\tools;C:\Program Files\JetBrains\IntelliJ IDEA 2021.1\bin;;C:\Users\maitr\AppData\Roaming\npm;C:\Users\maitr\AppData\Local\Programs\mongosh\;C:\Program Files\Java\jdk-18.0.2.1;C:\Users\maitr\AppData\Local\Programs\Microsoft VS Code\bin;C:\WINDOWS\System32;
USERNAME=maitr
OS=Windows_NT
PROCESSOR_IDENTIFIER=Intel64 Family 6 Model 158 Stepping 10, GenuineIntel



---------------  S Y S T E M  ---------------

OS:
 Windows 11 , 64 bit Build 22000 (10.0.22000.708)
OS uptime: 5 days 21:06 hours
Hyper-V role detected

CPU: total 12 (initial active 12) (6 cores per cpu, 2 threads per core) family 6 model 158 stepping 10 microcode 0xde, cx8, cmov, fxsr, ht, mmx, 3dnowpref, sse, sse2, sse3, ssse3, sse4.1, sse4.2, popcnt, lzcnt, tsc, tscinvbit, avx, avx2, aes, erms, clmul, bmi1, bmi2, adx, fma, vzeroupper, clflush, clflushopt, hv

Memory: 4k page, system-wide physical 16257M (1462M free)
TotalPageFile size 33250M (AvailPageFile size 149M)
current process WorkingSet (physical memory assigned to process): 11M, peak: 11M
current process commit charge ("private bytes"): 64M, peak: 320M

vm_info: OpenJDK 64-Bit Server VM (18.0.2.1+1) for windows-amd64 JRE (18.0.2.1+1), built on Aug 25 2022 17:20:57 by "" with MS VC++ 16.7 (VS2019)

END.
